<?xml version="1.0" encoding="UTF-8"?>
<!-- Generated by org.testng.reporters.JUnitXMLReporter -->
<testsuite ignored="0" hostname="USER-15" failures="0" tests="18" name="Default test" time="17.972" errors="0" timestamp="2024-11-06T14:40:51 IST">
  <testcase classname="testcases.RestAssured_TestCases_PL1" name="createAppointmentTest" time="3.703"/>
  <testcase classname="testcases.RestAssured_TestCases_PL1" name="getAllApplicableDoctors" time="0.78"/>
  <testcase classname="testcases.RestAssured_TestCases_PL1" name="cancelAppointmentTest" time="0.638"/>
  <testcase classname="testcases.RestAssured_TestCases_PL1" name="clashAppointmentTest" time="0.585"/>
  <testcase classname="testcases.RestAssured_TestCases_PL1" name="searchPatientTest" time="0.64"/>
  <testcase classname="testcases.RestAssured_TestCases_PL1" name="BookingListTest" time="1.665"/>
  <testcase classname="testcases.RestAssured_TestCases_PL1" name="AllStockDetailsTest" time="1.769"/>
  <testcase classname="testcases.RestAssured_TestCases_PL1" name="MainStoreTest" time="0.788"/>
  <testcase classname="testcases.RestAssured_TestCases_PL1" name="PharmacyStoreTest" time="0.751"/>
  <testcase classname="testcases.RestAssured_TestCases_PL1" name="PatientConsumptionTest" time="0.566"/>
  <testcase classname="testcases.RestAssured_TestCases_PL1" name="ActivatePharmCountTest" time="0.808"/>
  <testcase classname="testcases.RestAssured_TestCases_PL1" name="DeactivatePharmCountTest" time="0.995"/>
  <testcase classname="testcases.RestAssured_TestCases_PL1" name="AppointApplicDeptTest" time="0.808"/>
  <testcase classname="testcases.RestAssured_TestCases_PL1" name="AdmittedPatientsData" time="0.78"/>
  <testcase classname="testcases.RestAssured_TestCases_PL1" name="addcurrencyTest" time="0.668"/>
  <testcase classname="testcases.RestAssured_TestCases_PL1" name="findMatchingPatientTest" time="0.542"/>
  <testcase classname="testcases.RestAssured_TestCases_PL1" name="getAllRegisteredPatientsTest" time="0.767"/>
  <testcase classname="testcases.RestAssured_TestCases_PL1" name="getAllBillingCounters" time="0.575"/>
</testsuite> <!-- Default test -->
