<?xml version="1.0" encoding="UTF-8"?>
<!-- Generated by org.testng.reporters.JUnitXMLReporter -->
<testsuite ignored="0" hostname="Ameet" failures="18" tests="18" name="Test" time="69.868" errors="0" timestamp="2024-12-18T18:55:32 IST">
  <testcase classname="testcases.RestAssured_TestCases_PL1" name="getAllDepartmentsTest" time="0.432">
    <failure type="java.lang.AssertionError" message="getAllDepartments must be implemented using Rest Assured methods only. expected [true] but found [false]">
      <![CDATA[java.lang.AssertionError: getAllDepartments must be implemented using Rest Assured methods only. expected [true] but found [false]
at testcases.RestAssured_TestCases_PL1.getAllDepartmentsTest(RestAssured_TestCases_PL1.java:37)
at java.base/java.util.concurrent.ThreadPoolExecutor.runWorker(ThreadPoolExecutor.java:1136)
at java.base/java.util.concurrent.ThreadPoolExecutor$Worker.run(ThreadPoolExecutor.java:635)
at java.base/java.lang.Thread.run(Thread.java:833)
... Removed 15 stack frames]]>
    </failure>
  </testcase> <!-- getAllDepartmentsTest -->
  <testcase classname="testcases.RestAssured_TestCases_PL1" name="getAllItemsTest" time="0.009">
    <failure type="java.lang.AssertionError" message="getAllItems must be implemented using Rest Assured methods only. expected [true] but found [false]">
      <![CDATA[java.lang.AssertionError: getAllItems must be implemented using Rest Assured methods only. expected [true] but found [false]
at testcases.RestAssured_TestCases_PL1.getAllItemsTest(RestAssured_TestCases_PL1.java:76)
at java.base/java.util.concurrent.ThreadPoolExecutor.runWorker(ThreadPoolExecutor.java:1136)
at java.base/java.util.concurrent.ThreadPoolExecutor$Worker.run(ThreadPoolExecutor.java:635)
at java.base/java.lang.Thread.run(Thread.java:833)
... Removed 15 stack frames]]>
    </failure>
  </testcase> <!-- getAllItemsTest -->
  <testcase classname="testcases.RestAssured_TestCases_PL1" name="getIncentiveSummary" time="3.314">
    <failure type="java.lang.AssertionError" message="Status code should be 200 OK. expected [200] but found [0]">
      <![CDATA[java.lang.AssertionError: Status code should be 200 OK. expected [200] but found [0]
at testcases.RestAssured_TestCases_PL1.getIncentiveSummary(RestAssured_TestCases_PL1.java:127)
at java.base/java.util.concurrent.ThreadPoolExecutor.runWorker(ThreadPoolExecutor.java:1136)
at java.base/java.util.concurrent.ThreadPoolExecutor$Worker.run(ThreadPoolExecutor.java:635)
at java.base/java.lang.Thread.run(Thread.java:833)
... Removed 18 stack frames]]>
    </failure>
  </testcase> <!-- getIncentiveSummary -->
  <testcase classname="testcases.RestAssured_TestCases_PL1" name="getIncentiveReffSummary" time="0.696">
    <failure type="java.lang.AssertionError" message="getIncentiveReffSummary must be implemented using Rest Assured methods only. expected [true] but found [false]">
      <![CDATA[java.lang.AssertionError: getIncentiveReffSummary must be implemented using Rest Assured methods only. expected [true] but found [false]
at testcases.RestAssured_TestCases_PL1.getIncentiveReffSummary(RestAssured_TestCases_PL1.java:164)
at java.base/java.util.concurrent.ThreadPoolExecutor.runWorker(ThreadPoolExecutor.java:1136)
at java.base/java.util.concurrent.ThreadPoolExecutor$Worker.run(ThreadPoolExecutor.java:635)
at java.base/java.lang.Thread.run(Thread.java:833)
... Removed 15 stack frames]]>
    </failure>
  </testcase> <!-- getIncentiveReffSummary -->
  <testcase classname="testcases.RestAssured_TestCases_PL1" name="getHospitalIncomeIncReport" time="0.202">
    <failure type="java.lang.AssertionError" message="getHospIncIncReport must be implemented using Rest Assured methods only. expected [true] but found [false]">
      <![CDATA[java.lang.AssertionError: getHospIncIncReport must be implemented using Rest Assured methods only. expected [true] but found [false]
at testcases.RestAssured_TestCases_PL1.getHospitalIncomeIncReport(RestAssured_TestCases_PL1.java:233)
at java.base/java.util.concurrent.ThreadPoolExecutor.runWorker(ThreadPoolExecutor.java:1136)
at java.base/java.util.concurrent.ThreadPoolExecutor$Worker.run(ThreadPoolExecutor.java:635)
at java.base/java.lang.Thread.run(Thread.java:833)
... Removed 15 stack frames]]>
    </failure>
  </testcase> <!-- getHospitalIncomeIncReport -->
  <testcase classname="testcases.RestAssured_TestCases_PL1" name="getIncenEmpBillItems" time="0.104">
    <failure type="java.lang.AssertionError" message="getIncenEmpBillItems must be implemented using Rest Assured methods only. expected [true] but found [false]">
      <![CDATA[java.lang.AssertionError: getIncenEmpBillItems must be implemented using Rest Assured methods only. expected [true] but found [false]
at testcases.RestAssured_TestCases_PL1.getIncenEmpBillItems(RestAssured_TestCases_PL1.java:313)
at java.base/java.util.concurrent.ThreadPoolExecutor.runWorker(ThreadPoolExecutor.java:1136)
at java.base/java.util.concurrent.ThreadPoolExecutor$Worker.run(ThreadPoolExecutor.java:635)
at java.base/java.lang.Thread.run(Thread.java:833)
... Removed 15 stack frames]]>
    </failure>
  </testcase> <!-- getIncenEmpBillItems -->
  <testcase classname="testcases.RestAssured_TestCases_PL1" name="getInventoryFiscalYears" time="0.021">
    <failure type="java.lang.AssertionError" message="getInvntryFiscalYrs must be implemented using Rest Assured methods only. expected [true] but found [false]">
      <![CDATA[java.lang.AssertionError: getInvntryFiscalYrs must be implemented using Rest Assured methods only. expected [true] but found [false]
at testcases.RestAssured_TestCases_PL1.getInventoryFiscalYears(RestAssured_TestCases_PL1.java:384)
at java.base/java.util.concurrent.ThreadPoolExecutor.runWorker(ThreadPoolExecutor.java:1136)
at java.base/java.util.concurrent.ThreadPoolExecutor$Worker.run(ThreadPoolExecutor.java:635)
at java.base/java.lang.Thread.run(Thread.java:833)
... Removed 15 stack frames]]>
    </failure>
  </testcase> <!-- getInventoryFiscalYears -->
  <testcase classname="testcases.RestAssured_TestCases_PL1" name="activateInventory" time="0.007">
    <failure type="java.lang.AssertionError" message="getActInventory must be implemented using Rest Assured methods only. expected [true] but found [false]">
      <![CDATA[java.lang.AssertionError: getActInventory must be implemented using Rest Assured methods only. expected [true] but found [false]
at testcases.RestAssured_TestCases_PL1.activateInventory(RestAssured_TestCases_PL1.java:445)
at java.base/java.util.concurrent.ThreadPoolExecutor.runWorker(ThreadPoolExecutor.java:1136)
at java.base/java.util.concurrent.ThreadPoolExecutor$Worker.run(ThreadPoolExecutor.java:635)
at java.base/java.lang.Thread.run(Thread.java:833)
... Removed 15 stack frames]]>
    </failure>
  </testcase> <!-- activateInventory -->
  <testcase classname="testcases.RestAssured_TestCases_PL1" name="inventorySubCategory" time="0.012">
    <failure type="java.lang.AssertionError" message="getInvSubCat must be implemented using Rest Assured methods only. expected [true] but found [false]">
      <![CDATA[java.lang.AssertionError: getInvSubCat must be implemented using Rest Assured methods only. expected [true] but found [false]
at testcases.RestAssured_TestCases_PL1.inventorySubCategory(RestAssured_TestCases_PL1.java:500)
at java.base/java.util.concurrent.ThreadPoolExecutor.runWorker(ThreadPoolExecutor.java:1136)
at java.base/java.util.concurrent.ThreadPoolExecutor$Worker.run(ThreadPoolExecutor.java:635)
at java.base/java.lang.Thread.run(Thread.java:833)
... Removed 15 stack frames]]>
    </failure>
  </testcase> <!-- inventorySubCategory -->
  <testcase classname="testcases.RestAssured_TestCases_PL1" name="availableItems" time="0.189">
    <failure type="java.lang.AssertionError" message="availableItems must be implemented using Rest Assured methods only. expected [true] but found [false]">
      <![CDATA[java.lang.AssertionError: availableItems must be implemented using Rest Assured methods only. expected [true] but found [false]
at testcases.RestAssured_TestCases_PL1.availableItems(RestAssured_TestCases_PL1.java:548)
at java.base/java.util.concurrent.ThreadPoolExecutor.runWorker(ThreadPoolExecutor.java:1136)
at java.base/java.util.concurrent.ThreadPoolExecutor$Worker.run(ThreadPoolExecutor.java:635)
at java.base/java.lang.Thread.run(Thread.java:833)
... Removed 15 stack frames]]>
    </failure>
  </testcase> <!-- availableItems -->
  <testcase classname="testcases.RestAssured_TestCases_PL1" name="requisitionItems" time="0.099">
    <failure type="java.lang.AssertionError" message="requisitionItems must be implemented using Rest Assured methods only. expected [true] but found [false]">
      <![CDATA[java.lang.AssertionError: requisitionItems must be implemented using Rest Assured methods only. expected [true] but found [false]
at testcases.RestAssured_TestCases_PL1.requisitionItems(RestAssured_TestCases_PL1.java:605)
at java.base/java.util.concurrent.ThreadPoolExecutor.runWorker(ThreadPoolExecutor.java:1136)
at java.base/java.util.concurrent.ThreadPoolExecutor$Worker.run(ThreadPoolExecutor.java:635)
at java.base/java.lang.Thread.run(Thread.java:833)
... Removed 15 stack frames]]>
    </failure>
  </testcase> <!-- requisitionItems -->
  <testcase classname="testcases.RestAssured_TestCases_PL1" name="verifyRequisitionAndDispatchFields" time="0.097">
    <failure type="java.lang.AssertionError" message="verifyRequisitionAndDispatchFields must be implemented using Rest Assured methods only. expected [true] but found [false]">
      <![CDATA[java.lang.AssertionError: verifyRequisitionAndDispatchFields must be implemented using Rest Assured methods only. expected [true] but found [false]
at testcases.RestAssured_TestCases_PL1.verifyRequisitionAndDispatchFields(RestAssured_TestCases_PL1.java:686)
at java.base/java.util.concurrent.ThreadPoolExecutor.runWorker(ThreadPoolExecutor.java:1136)
at java.base/java.util.concurrent.ThreadPoolExecutor$Worker.run(ThreadPoolExecutor.java:635)
at java.base/java.lang.Thread.run(Thread.java:833)
... Removed 15 stack frames]]>
    </failure>
  </testcase> <!-- verifyRequisitionAndDispatchFields -->
  <testcase classname="testcases.RestAssured_TestCases_PL1" name="inventoryItemByStoreId" time="0.008">
    <failure type="java.lang.AssertionError" message="getInvItem must be implemented using Rest Assured methods only. expected [true] but found [false]">
      <![CDATA[java.lang.AssertionError: getInvItem must be implemented using Rest Assured methods only. expected [true] but found [false]
at testcases.RestAssured_TestCases_PL1.inventoryItemByStoreId(RestAssured_TestCases_PL1.java:757)
at java.base/java.util.concurrent.ThreadPoolExecutor.runWorker(ThreadPoolExecutor.java:1136)
at java.base/java.util.concurrent.ThreadPoolExecutor$Worker.run(ThreadPoolExecutor.java:635)
at java.base/java.lang.Thread.run(Thread.java:833)
... Removed 15 stack frames]]>
    </failure>
  </testcase> <!-- inventoryItemByStoreId -->
  <testcase classname="testcases.RestAssured_TestCases_PL1" name="mostSoldMedicine" time="0.176">
    <failure type="java.lang.AssertionError" message="getMostSoldMed must be implemented using Rest Assured methods only. expected [true] but found [false]">
      <![CDATA[java.lang.AssertionError: getMostSoldMed must be implemented using Rest Assured methods only. expected [true] but found [false]
at testcases.RestAssured_TestCases_PL1.mostSoldMedicine(RestAssured_TestCases_PL1.java:830)
at java.base/java.util.concurrent.ThreadPoolExecutor.runWorker(ThreadPoolExecutor.java:1136)
at java.base/java.util.concurrent.ThreadPoolExecutor$Worker.run(ThreadPoolExecutor.java:635)
at java.base/java.lang.Thread.run(Thread.java:833)
... Removed 15 stack frames]]>
    </failure>
  </testcase> <!-- mostSoldMedicine -->
  <testcase classname="testcases.RestAssured_TestCases_PL1" name="substoreWiseDisp" time="0.101">
    <failure type="java.lang.AssertionError" message="getSubDisp must be implemented using Rest Assured methods only. expected [true] but found [false]">
      <![CDATA[java.lang.AssertionError: getSubDisp must be implemented using Rest Assured methods only. expected [true] but found [false]
at testcases.RestAssured_TestCases_PL1.substoreWiseDisp(RestAssured_TestCases_PL1.java:893)
at java.base/java.util.concurrent.ThreadPoolExecutor.runWorker(ThreadPoolExecutor.java:1136)
at java.base/java.util.concurrent.ThreadPoolExecutor$Worker.run(ThreadPoolExecutor.java:635)
at java.base/java.lang.Thread.run(Thread.java:833)
... Removed 15 stack frames]]>
    </failure>
  </testcase> <!-- substoreWiseDisp -->
  <testcase classname="testcases.RestAssured_TestCases_PL1" name="activSupp" time="0.007">
    <failure type="java.lang.AssertionError" message="getActSupp must be implemented using Rest Assured methods only. expected [true] but found [false]">
      <![CDATA[java.lang.AssertionError: getActSupp must be implemented using Rest Assured methods only. expected [true] but found [false]
at testcases.RestAssured_TestCases_PL1.activSupp(RestAssured_TestCases_PL1.java:947)
at java.base/java.util.concurrent.ThreadPoolExecutor.runWorker(ThreadPoolExecutor.java:1136)
at java.base/java.util.concurrent.ThreadPoolExecutor$Worker.run(ThreadPoolExecutor.java:635)
at java.base/java.lang.Thread.run(Thread.java:833)
... Removed 15 stack frames]]>
    </failure>
  </testcase> <!-- activSupp -->
  <testcase classname="testcases.RestAssured_TestCases_PL1" name="measureUnits" time="0.006">
    <failure type="java.lang.AssertionError" message="getMeasureUnits must be implemented using Rest Assured methods only. expected [true] but found [false]">
      <![CDATA[java.lang.AssertionError: getMeasureUnits must be implemented using Rest Assured methods only. expected [true] but found [false]
at testcases.RestAssured_TestCases_PL1.measureUnits(RestAssured_TestCases_PL1.java:996)
at java.base/java.util.concurrent.ThreadPoolExecutor.runWorker(ThreadPoolExecutor.java:1136)
at java.base/java.util.concurrent.ThreadPoolExecutor$Worker.run(ThreadPoolExecutor.java:635)
at java.base/java.lang.Thread.run(Thread.java:833)
... Removed 15 stack frames]]>
    </failure>
  </testcase> <!-- measureUnits -->
  <testcase classname="testcases.RestAssured_TestCases_PL1" name="salesCat" time="0.013">
    <failure type="java.lang.AssertionError" message="getSalesCat must be implemented using Rest Assured methods only. expected [true] but found [false]">
      <![CDATA[java.lang.AssertionError: getSalesCat must be implemented using Rest Assured methods only. expected [true] but found [false]
at testcases.RestAssured_TestCases_PL1.salesCat(RestAssured_TestCases_PL1.java:1037)
at java.base/java.util.concurrent.ThreadPoolExecutor.runWorker(ThreadPoolExecutor.java:1136)
at java.base/java.util.concurrent.ThreadPoolExecutor$Worker.run(ThreadPoolExecutor.java:635)
at java.base/java.lang.Thread.run(Thread.java:833)
... Removed 15 stack frames]]>
    </failure>
  </testcase> <!-- salesCat -->
</testsuite> <!-- Test -->
