<?xml version="1.0" encoding="UTF-8"?>
<!-- Generated by org.testng.reporters.JUnitXMLReporter -->
<testsuite ignored="0" hostname="Ameet" failures="0" tests="18" name="Test" time="112.308" errors="0" timestamp="2024-11-19T11:47:00 IST">
  <testcase classname="testcases.RestAssured_TestCases_PL1" name="createAppointmentTest" time="26.5"/>
  <testcase classname="testcases.RestAssured_TestCases_PL1" name="getAllApplicableDoctors" time="2.313"/>
  <testcase classname="testcases.RestAssured_TestCases_PL1" name="clashAppointmentTest" time="1.116"/>
  <testcase classname="testcases.RestAssured_TestCases_PL1" name="searchPatientTest" time="1.017"/>
  <testcase classname="testcases.RestAssured_TestCases_PL1" name="BookingListTest" time="4.92"/>
  <testcase classname="testcases.RestAssured_TestCases_PL1" name="AllStockDetailsTest" time="6.519"/>
  <testcase classname="testcases.RestAssured_TestCases_PL1" name="MainStoreTest" time="1.141"/>
  <testcase classname="testcases.RestAssured_TestCases_PL1" name="PharmacyStoreTest" time="0.517"/>
  <testcase classname="testcases.RestAssured_TestCases_PL1" name="PatientConsumptionTest" time="1.487"/>
  <testcase classname="testcases.RestAssured_TestCases_PL1" name="ActivatePharmCountTest" time="0.788"/>
  <testcase classname="testcases.RestAssured_TestCases_PL1" name="DeactivatePharmCountTest" time="0.579"/>
  <testcase classname="testcases.RestAssured_TestCases_PL1" name="AppointApplicDeptTest" time="0.87"/>
  <testcase classname="testcases.RestAssured_TestCases_PL1" name="AdmittedPatientsData" time="0.883"/>
  <testcase classname="testcases.RestAssured_TestCases_PL1" name="addcurrencyTest" time="2.246"/>
  <testcase classname="testcases.RestAssured_TestCases_PL1" name="findMatchingPatientTest" time="0.625"/>
  <testcase classname="testcases.RestAssured_TestCases_PL1" name="getAllRegisteredPatientsTest" time="2.663"/>
  <testcase classname="testcases.RestAssured_TestCases_PL1" name="getAllBillingCounters" time="0.495"/>
  <testcase classname="testcases.RestAssured_TestCases_PL1" name="cancelAppointmentTest" time="0.567"/>
</testsuite> <!-- Test -->
