<?xml version="1.0" encoding="UTF-8"?>
<testng-results ignored="0" total="18" passed="18" failed="0" skipped="0">
  <reporter-output>
  </reporter-output>
  <suite started-at="2024-11-19T11:45:07 IST" name="Suite" finished-at="2024-11-19T11:47:00 IST" duration-ms="112308">
    <groups>
      <group name="PL1">
        <method signature="RestAssured_TestCases_PL1.createAppointmentTest()[pri:1, instance:testcases.RestAssured_TestCases_PL1@65fe9e33]" name="createAppointmentTest" class="testcases.RestAssured_TestCases_PL1"/>
        <method signature="RestAssured_TestCases_PL1.getAllApplicableDoctors()[pri:2, instance:testcases.RestAssured_TestCases_PL1@65fe9e33]" name="getAllApplicableDoctors" class="testcases.RestAssured_TestCases_PL1"/>
        <method signature="RestAssured_TestCases_PL1.cancelAppointmentTest()[pri:3, instance:testcases.RestAssured_TestCases_PL1@65fe9e33]" name="cancelAppointmentTest" class="testcases.RestAssured_TestCases_PL1"/>
        <method signature="RestAssured_TestCases_PL1.clashAppointmentTest()[pri:4, instance:testcases.RestAssured_TestCases_PL1@65fe9e33]" name="clashAppointmentTest" class="testcases.RestAssured_TestCases_PL1"/>
        <method signature="RestAssured_TestCases_PL1.searchPatientTest()[pri:5, instance:testcases.RestAssured_TestCases_PL1@65fe9e33]" name="searchPatientTest" class="testcases.RestAssured_TestCases_PL1"/>
        <method signature="RestAssured_TestCases_PL1.BookingListTest()[pri:6, instance:testcases.RestAssured_TestCases_PL1@65fe9e33]" name="BookingListTest" class="testcases.RestAssured_TestCases_PL1"/>
        <method signature="RestAssured_TestCases_PL1.AllStockDetailsTest()[pri:7, instance:testcases.RestAssured_TestCases_PL1@65fe9e33]" name="AllStockDetailsTest" class="testcases.RestAssured_TestCases_PL1"/>
        <method signature="RestAssured_TestCases_PL1.MainStoreTest()[pri:8, instance:testcases.RestAssured_TestCases_PL1@65fe9e33]" name="MainStoreTest" class="testcases.RestAssured_TestCases_PL1"/>
        <method signature="RestAssured_TestCases_PL1.PharmacyStoreTest()[pri:9, instance:testcases.RestAssured_TestCases_PL1@65fe9e33]" name="PharmacyStoreTest" class="testcases.RestAssured_TestCases_PL1"/>
        <method signature="RestAssured_TestCases_PL1.PatientConsumptionTest()[pri:10, instance:testcases.RestAssured_TestCases_PL1@65fe9e33]" name="PatientConsumptionTest" class="testcases.RestAssured_TestCases_PL1"/>
        <method signature="RestAssured_TestCases_PL1.DeactivatePharmCountTest()[pri:12, instance:testcases.RestAssured_TestCases_PL1@65fe9e33]" name="DeactivatePharmCountTest" class="testcases.RestAssured_TestCases_PL1"/>
        <method signature="RestAssured_TestCases_PL1.AppointApplicDeptTest()[pri:13, instance:testcases.RestAssured_TestCases_PL1@65fe9e33]" name="AppointApplicDeptTest" class="testcases.RestAssured_TestCases_PL1"/>
        <method signature="RestAssured_TestCases_PL1.addcurrencyTest()[pri:15, instance:testcases.RestAssured_TestCases_PL1@65fe9e33]" name="addcurrencyTest" class="testcases.RestAssured_TestCases_PL1"/>
        <method signature="RestAssured_TestCases_PL1.findMatchingPatientTest()[pri:16, instance:testcases.RestAssured_TestCases_PL1@65fe9e33]" name="findMatchingPatientTest" class="testcases.RestAssured_TestCases_PL1"/>
        <method signature="RestAssured_TestCases_PL1.getAllRegisteredPatientsTest()[pri:17, instance:testcases.RestAssured_TestCases_PL1@65fe9e33]" name="getAllRegisteredPatientsTest" class="testcases.RestAssured_TestCases_PL1"/>
        <method signature="RestAssured_TestCases_PL1.getAllBillingCounters()[pri:18, instance:testcases.RestAssured_TestCases_PL1@65fe9e33]" name="getAllBillingCounters" class="testcases.RestAssured_TestCases_PL1"/>
        <method signature="RestAssured_TestCases_PL1.ActivatePharmCountTest()[pri:11, instance:testcases.RestAssured_TestCases_PL1@65fe9e33]" name="ActivatePharmCountTest" class="testcases.RestAssured_TestCases_PL1"/>
        <method signature="RestAssured_TestCases_PL1.AdmittedPatientsData()[pri:14, instance:testcases.RestAssured_TestCases_PL1@65fe9e33]" name="AdmittedPatientsData" class="testcases.RestAssured_TestCases_PL1"/>
      </group> <!-- PL1 -->
    </groups>
    <test started-at="2024-11-19T11:45:07 IST" name="Test" finished-at="2024-11-19T11:47:00 IST" duration-ms="112308">
      <class name="testcases.RestAssured_TestCases_PL1">
        <test-method signature="createAppointmentTest()[pri:1, instance:testcases.RestAssured_TestCases_PL1@65fe9e33]" started-at="2024-11-19T11:45:08 IST" name="createAppointmentTest" description="Precondition: Create an appointment via the API
1. Send POST request to create a new appointment with provided data
2. Verify the response status code is 200 OK
3. Validate the response contains &#039;Status&#039; as &#039;OK&#039;
4. Retrieve and validate the Appointment ID from the response" finished-at="2024-11-19T11:45:34 IST" duration-ms="26500" status="PASS">
          <reporter-output>
          </reporter-output>
        </test-method> <!-- createAppointmentTest -->
        <test-method signature="getAllApplicableDoctors()[pri:2, instance:testcases.RestAssured_TestCases_PL1@65fe9e33]" started-at="2024-11-19T11:45:38 IST" name="getAllApplicableDoctors" description="Precondition: Multiple applicable doctors must exist
1. Validate that the response contains list of Doctors
2. Verify the response status code is 200.
3. Verify Performer IDs are unique" finished-at="2024-11-19T11:45:41 IST" duration-ms="2313" status="PASS">
          <reporter-output>
          </reporter-output>
        </test-method> <!-- getAllApplicableDoctors -->
        <test-method signature="clashAppointmentTest()[pri:4, instance:testcases.RestAssured_TestCases_PL1@65fe9e33]" started-at="2024-11-19T11:45:44 IST" name="clashAppointmentTest" description="Precondition: Patients and Doctor must be created successfully.
1. Send a GET request to fetch whether an appointment for the same time is created for the same doctor.
2. Verify the response status code is 200.
3. Validate the response indicates the status of clashes in appointment as true or false." finished-at="2024-11-19T11:45:45 IST" duration-ms="1116" status="PASS">
          <reporter-output>
          </reporter-output>
        </test-method> <!-- clashAppointmentTest -->
        <test-method signature="searchPatientTest()[pri:5, instance:testcases.RestAssured_TestCases_PL1@65fe9e33]" started-at="2024-11-19T11:45:48 IST" name="searchPatientTest" description="Precondition: Patients and Doctor must be created successfully.
1. Send a GET request to fetch whether an appointment for the same time is created for the same doctor.
2. Verify the response status code is 200.
3. Validate the response indicates successful display of all the users that contain the string in their name." finished-at="2024-11-19T11:45:49 IST" duration-ms="1017" status="PASS">
          <reporter-output>
          </reporter-output>
        </test-method> <!-- searchPatientTest -->
        <test-method signature="BookingListTest()[pri:6, instance:testcases.RestAssured_TestCases_PL1@65fe9e33]" started-at="2024-11-19T11:45:52 IST" name="BookingListTest" description="Precondition: Appointments must be made between current date and 5 days before the current date.
1. Send a GET request to fetch whether an appointment for the same time is created for the same doctor.
2. Verify the response status code is 200.
3. Validate the response indicates successfull display of appointments along with patient Id and Appointment time." finished-at="2024-11-19T11:45:57 IST" duration-ms="4920" status="PASS">
          <reporter-output>
          </reporter-output>
        </test-method> <!-- BookingListTest -->
        <test-method signature="AllStockDetailsTest()[pri:7, instance:testcases.RestAssured_TestCases_PL1@65fe9e33]" started-at="2024-11-19T11:46:00 IST" name="AllStockDetailsTest" description="Precondition: Appointments must be made between current date and 5 days before the current date.
1. Send a GET request to fetch whether an appointment for the same time is created for the same doctor.
2. Verify the response status code is 200.
3. Validate the response indicates successfull display of appointments along with patient Id and Appointment time." finished-at="2024-11-19T11:46:06 IST" duration-ms="6519" status="PASS">
          <reporter-output>
          </reporter-output>
        </test-method> <!-- AllStockDetailsTest -->
        <test-method signature="MainStoreTest()[pri:8, instance:testcases.RestAssured_TestCases_PL1@65fe9e33]" started-at="2024-11-19T11:46:10 IST" name="MainStoreTest" description="1. Send a GET request to fetch Main Store from the Pharmacy Settings.
2. Verify the response status code is 200.
3. Validate the response has an Id corresponding to the store along with the name and store description." finished-at="2024-11-19T11:46:11 IST" duration-ms="1141" status="PASS">
          <reporter-output>
          </reporter-output>
        </test-method> <!-- MainStoreTest -->
        <test-method signature="PharmacyStoreTest()[pri:9, instance:testcases.RestAssured_TestCases_PL1@65fe9e33]" started-at="2024-11-19T11:46:14 IST" name="PharmacyStoreTest" description="Precondition: Some Pharmacy Stores must be created already. 
1. Send a GET request to fetch whether we are able to fetch the pharmacy stores or not.
2. Verify the response status code is 200.
3. Validate the response indicates successfull display of name of the store along with Store Id." finished-at="2024-11-19T11:46:15 IST" duration-ms="517" status="PASS">
          <reporter-output>
          </reporter-output>
        </test-method> <!-- PharmacyStoreTest -->
        <test-method signature="PatientConsumptionTest()[pri:10, instance:testcases.RestAssured_TestCases_PL1@65fe9e33]" started-at="2024-11-19T11:46:18 IST" name="PatientConsumptionTest" description="1. Send a GET request to fetch whether we are able to fetch patient&#039;s consumption.
2. Verify the response status code is 200.
3. Validate the response indicates successfull display of patient name, patient id." finished-at="2024-11-19T11:46:19 IST" duration-ms="1487" status="PASS">
          <reporter-output>
          </reporter-output>
        </test-method> <!-- PatientConsumptionTest -->
        <test-method signature="ActivatePharmCountTest()[pri:11, instance:testcases.RestAssured_TestCases_PL1@65fe9e33]" started-at="2024-11-19T11:46:22 IST" name="ActivatePharmCountTest" description="Pre-conditions: Will require the counter Id and counterName to enter as a qeury paramter in the API. 
1. Send a PUT request to see whether we are able to activate the pharmacy counter.
2. Verify the response status code is 200.
3. Validate the response indicates successfull display of counter Id and counterName" finished-at="2024-11-19T11:46:23 IST" duration-ms="788" status="PASS">
          <reporter-output>
          </reporter-output>
        </test-method> <!-- ActivatePharmCountTest -->
        <test-method signature="DeactivatePharmCountTest()[pri:12, instance:testcases.RestAssured_TestCases_PL1@65fe9e33]" started-at="2024-11-19T11:46:26 IST" name="DeactivatePharmCountTest" description="1. Send a PUT request to fetch whether we are able to deactivate the pharmacy counter.
2. Verify the response status code is 200.
3. Validate the response indicates successfull display of status code as 200." finished-at="2024-11-19T11:46:27 IST" duration-ms="579" status="PASS">
          <reporter-output>
          </reporter-output>
        </test-method> <!-- DeactivatePharmCountTest -->
        <test-method signature="AppointApplicDeptTest()[pri:13, instance:testcases.RestAssured_TestCases_PL1@65fe9e33]" started-at="2024-11-19T11:46:30 IST" name="AppointApplicDeptTest" description="1. Send a GET request to fetch a list of Appointment Applicable Departments.
2. Verify the response status code is 200.
3. Validate the response indicates successfull display of department name, department id, department code" finished-at="2024-11-19T11:46:31 IST" duration-ms="870" status="PASS">
          <reporter-output>
          </reporter-output>
        </test-method> <!-- AppointApplicDeptTest -->
        <test-method signature="AdmittedPatientsData()[pri:14, instance:testcases.RestAssured_TestCases_PL1@65fe9e33]" started-at="2024-11-19T11:46:34 IST" name="AdmittedPatientsData" description="1. Send a GET request to fetch a list of currently Admitted Patients Data.
2. Verify the response status code is 200.
3. Validate the response indicates successfull display of Patient Admission Id, Admitted Date but Discharged Date must be null" finished-at="2024-11-19T11:46:35 IST" duration-ms="883" status="PASS">
          <reporter-output>
          </reporter-output>
        </test-method> <!-- AdmittedPatientsData -->
        <test-method signature="addcurrencyTest()[pri:15, instance:testcases.RestAssured_TestCases_PL1@65fe9e33]" started-at="2024-11-19T11:46:38 IST" name="addcurrencyTest" description="Precondition: Currency code must not already exist
1. Validate the currency code
2. Validate created by
3. Validate created on date
4. Validate the status code as 200." finished-at="2024-11-19T11:46:40 IST" duration-ms="2246" status="PASS">
          <reporter-output>
          </reporter-output>
        </test-method> <!-- addcurrencyTest -->
        <test-method signature="findMatchingPatientTest()[pri:16, instance:testcases.RestAssured_TestCases_PL1@65fe9e33]" started-at="2024-11-19T11:46:43 IST" name="findMatchingPatientTest" description="Precondition: Matching Patient must exist
1. Validate that the appointment ID is not null.
2. Send a GET request to find patient that has same phone number.
3. Verify the response status code is 200." finished-at="2024-11-19T11:46:44 IST" duration-ms="625" status="PASS">
          <reporter-output>
          </reporter-output>
        </test-method> <!-- findMatchingPatientTest -->
        <test-method signature="getAllRegisteredPatientsTest()[pri:17, instance:testcases.RestAssured_TestCases_PL1@65fe9e33]" started-at="2024-11-19T11:46:47 IST" name="getAllRegisteredPatientsTest" description="1. Send a GET request to get all the registered patients
2. Validate that all the patient IDs are unique.
3. Verify the response status code is 200." finished-at="2024-11-19T11:46:49 IST" duration-ms="2663" status="PASS">
          <reporter-output>
          </reporter-output>
        </test-method> <!-- getAllRegisteredPatientsTest -->
        <test-method signature="getAllBillingCounters()[pri:18, instance:testcases.RestAssured_TestCases_PL1@65fe9e33]" started-at="2024-11-19T11:46:52 IST" name="getAllBillingCounters" description="1. Send a GET request to get all billing counters
2. Validate that all the counter IDs are unique.
3. Verify the response status code is 200." finished-at="2024-11-19T11:46:53 IST" duration-ms="495" status="PASS">
          <reporter-output>
          </reporter-output>
        </test-method> <!-- getAllBillingCounters -->
        <test-method signature="cancelAppointmentTest()[pri:3, instance:testcases.RestAssured_TestCases_PL1@65fe9e33]" started-at="2024-11-19T11:46:56 IST" name="cancelAppointmentTest" description="Precondition: An appointment must be created successfully.
1. Validate that the appointment ID is not null.
2. Send a PUT request to cancel the appointment using the appointment ID.
3. Verify the response status code is 200.
4. Validate the response indicates successful cancellation." finished-at="2024-11-19T11:46:57 IST" depends-on-methods="testcases.RestAssured_TestCases_PL1.createAppointmentTest" duration-ms="567" status="PASS">
          <reporter-output>
          </reporter-output>
        </test-method> <!-- cancelAppointmentTest -->
      </class> <!-- testcases.RestAssured_TestCases_PL1 -->
    </test> <!-- Test -->
  </suite> <!-- Suite -->
</testng-results>
